<?xml version="1.0" encoding="UTF-8"?>
<testsuite xmlns:xsi="http://www.w3.org/2001/XMLSchema-instance" xsi:noNamespaceSchemaLocation="https://maven.apache.org/surefire/maven-surefire-plugin/xsd/surefire-test-report.xsd" name="com.interview.shoppingbasket.BasketTest" time="0.003" tests="4" errors="0" skipped="0" failures="0">
  <properties>
[...]
</properties>
  <testcase name="createBasketFullConstructor" classname="com.interview.shoppingbasket.BasketTest" time="0"/>
  <testcase name="createBasketWithMultipleProducts" classname="com.interview.shoppingbasket.BasketTest" time="0"/>
  <testcase name="emptyBasket" classname="com.interview.shoppingbasket.BasketTest" time="0"/>
  <testcase name="consolidateBasketTest" classname="com.interview.shoppingbasket.BasketTest" time="0"/>
</testsuite>